2018-8-11 10:12:46 : success : W: Listening on port 
2018-8-11 10:18:04 : error : login - validate_user - email:hwk-king@outlook.com
2018-8-11 10:18:19 : error : login - validate_user - email:hwk-king@outlook.com
2018-8-11 10:18:26 : error : login - validate_user - email:hwksunstar@yandex.com
2018-8-11 10:18:28 : error : login - validate_user - email:hwksunstar@yandex.com
2018-8-11 10:18:35 : error : login - validate_user - email:hwksunstar@yandex.com
2018-8-11 10:20:26 : error : login - validate_user - email:hwksunstar@yandex.com
2018-8-11 10:20:27 : error : login - validate_user - email:hwksunstar@yandex.com
2018-8-11 10:20:27 : error : login - validate_user - email:hwksunstar@yandex.com
2018-8-11 10:20:28 : error : login - validate_user - email:hwksunstar@yandex.com
2018-8-11 10:20:28 : error : login - validate_user - email:hwksunstar@yandex.com
2018-8-11 10:20:29 : error : login - validate_user - email:hwksunstar@yandex.com
2018-8-11 10:20:29 : error : login - validate_user - email:hwksunstar@yandex.com
2018-8-11 10:20:29 : error : login - validate_user - email:hwksunstar@yandex.com
2018-8-11 10:20:29 : error : login - validate_user - email:hwksunstar@yandex.com
2018-8-11 10:20:29 : error : login - validate_user - email:hwksunstar@yandex.com
2018-8-11 10:20:30 : error : login - validate_user - email:hwksunstar@yandex.com
2018-8-11 10:20:55 : error : login - validate_user - email:hwksunstar@yandex.com
2018-8-11 10:20:56 : error : login - validate_user - email:hwksunstar@yandex.com
2018-8-11 10:20:56 : error : login - validate_user - email:hwksunstar@yandex.com
2018-8-11 10:20:56 : error : login - validate_user - email:hwksunstar@yandex.com
2018-8-11 10:20:57 : error : login - validate_user - email:hwksunstar@yandex.com
2018-8-11 10:20:57 : error : login - validate_user - email:hwksunstar@yandex.com
2018-8-11 10:20:57 : error : login - validate_user - email:hwksunstar@yandex.com
2018-8-11 10:21:17 : success : W: Listening on port 
2018-8-11 10:21:47 : error : login - validate_user - email:hwksunstar@yandex.com
2018-8-11 10:21:48 : error : login - validate_user - email:hwksunstar@yandex.com
2018-8-11 10:22:27 : info : register - [begin] - username:Dark   email:hwk-king@outlook.com   ip:::1
2018-8-11 10:22:27 : error : register - check_dup - name already exists - username:Dark   email:hwk-king@outlook.com
2018-8-11 10:22:39 : info : register - [begin] - username:HWG   email:hwk-king@outlook.com   ip:::1
2018-8-11 10:22:39 : info : register - create_register_buffer - success - username:HWG   password:123456789   email:hwk-king@outlook.com   ip_address:::1   verification_code:19275
2018-8-11 10:22:43 : info : register - send_verification_code - success - username:HWG   email:hwk-king@outlook.com   verification_code:19275   lang:en
2018-8-11 10:26:22 : success : W: Listening on port 
2018-8-11 10:28:59 : success : W: Listening on port 
2018-8-11 10:30:25 : success : W: Listening on port 
2018-8-11 15:20:14 : success : W: Listening on port 
2018-8-11 15:32:43 : info : register - [begin] - username:Dark   email:marcomanciet@gmail.com   ip:::1
2018-8-11 15:32:43 : info : register - create_register_buffer - success - username:Dark   password:123456789   email:marcomanciet@gmail.com   ip_address:::1   verification_code:17285
2018-8-11 15:32:47 : info : register - send_verification_code - success - username:Dark   email:marcomanciet@gmail.com   verification_code:17285   lang:en
